TN:
SF:script/Deploy.s.sol
DA:30,0
FN:30,Deploy.run
FNDA:0,Deploy.run
DA:31,0
DA:32,0
DA:34,0
DA:35,0
DA:36,0
DA:38,0
DA:41,0
DA:42,0
DA:43,0
DA:46,0
DA:47,0
DA:48,0
DA:51,0
DA:52,0
DA:53,0
DA:56,0
DA:57,0
DA:58,0
DA:61,0
DA:62,0
DA:63,0
DA:64,0
DA:65,0
DA:67,0
DA:70,0
DA:72,0
BRDA:72,0,0,-
BRDA:72,0,1,-
DA:73,0
BRDA:73,1,0,-
BRDA:73,1,1,-
DA:74,0
BRDA:74,2,0,-
BRDA:74,2,1,-
DA:75,0
BRDA:75,3,0,-
BRDA:75,3,1,-
DA:76,0
BRDA:76,4,0,-
BRDA:76,4,1,-
DA:77,0
BRDA:77,5,0,-
BRDA:77,5,1,-
DA:78,0
BRDA:78,6,0,-
BRDA:78,6,1,-
DA:80,0
DA:83,0
DA:84,0
DA:85,0
DA:86,0
DA:87,0
DA:88,0
DA:89,0
DA:90,0
DA:91,0
DA:92,0
DA:93,0
DA:94,0
DA:95,0
DA:96,0
DA:97,0
DA:98,0
DA:99,0
FNF:1
FNH:0
LF:51
LH:0
BRF:14
BRH:0
end_of_record
TN:
SF:script/DeployMockUSDC.s.sol
DA:8,0
FN:8,MockUSDC.constructor
FNDA:0,MockUSDC.constructor
DA:9,0
DA:12,0
FN:12,MockUSDC.decimals
FNDA:0,MockUSDC.decimals
DA:13,0
DA:17,0
FN:17,MockUSDC.mint
FNDA:0,MockUSDC.mint
DA:18,0
DA:23,0
FN:23,DeployMockUSDC.run
FNDA:0,DeployMockUSDC.run
DA:24,0
DA:26,0
DA:28,0
DA:30,0
DA:31,0
DA:32,0
DA:33,0
DA:34,0
DA:35,0
DA:36,0
DA:37,0
DA:38,0
DA:40,0
FNF:4
FNH:0
LF:20
LH:0
BRF:0
BRH:0
end_of_record
TN:
SF:script/TestPaymentFlow.s.sol
DA:20,0
FN:20,TestPaymentFlow.run
FNDA:0,TestPaymentFlow.run
DA:21,0
DA:22,0
DA:24,0
DA:25,0
DA:26,0
DA:27,0
DA:29,0
DA:33,0
DA:34,0
DA:35,0
DA:36,0
DA:37,0
DA:39,0
BRDA:39,0,0,-
DA:40,0
DA:41,0
DA:42,0
DA:43,0
DA:44,0
DA:49,0
DA:50,0
DA:51,0
DA:52,0
DA:55,0
DA:57,0
BRDA:57,1,0,-
BRDA:57,1,1,-
DA:58,0
DA:59,0
DA:62,0
DA:65,0
DA:71,0
DA:73,0
DA:77,0
DA:78,0
DA:80,0
DA:81,0
DA:82,0
DA:86,0
DA:87,0
DA:88,0
DA:91,0
DA:93,0
DA:100,0
DA:101,0
DA:102,0
DA:106,0
DA:107,0
DA:108,0
DA:109,0
DA:111,0
DA:115,0
DA:116,0
DA:117,0
DA:118,0
DA:119,0
DA:120,0
DA:121,0
DA:122,0
DA:123,0
DA:124,0
DA:125,0
DA:126,0
DA:127,0
DA:128,0
DA:129,0
DA:130,0
DA:131,0
DA:132,0
FNF:1
FNH:0
LF:67
LH:0
BRF:3
BRH:0
end_of_record
TN:
SF:script/TestUSDCTransfer.s.sol
DA:10,0
FN:10,TestUSDCTransfer.run
FNDA:0,TestUSDCTransfer.run
DA:11,0
DA:12,0
DA:14,0
DA:16,0
DA:17,0
DA:18,0
DA:21,0
DA:23,0
DA:25,0
FNF:1
FNH:0
LF:10
LH:0
BRF:0
BRH:0
end_of_record
TN:
SF:script/VerifySettlement.s.sol
DA:13,0
FN:13,VerifySettlement.run
FNDA:0,VerifySettlement.run
DA:14,0
DA:15,0
DA:17,0
DA:18,0
DA:19,0
DA:20,0
DA:21,0
DA:22,0
DA:25,0
DA:26,0
DA:28,0
BRDA:28,0,0,-
BRDA:28,0,1,-
DA:29,0
DA:31,0
DA:33,0
DA:36,0
DA:37,0
DA:38,0
DA:40,0
DA:42,0
BRDA:42,1,0,-
BRDA:42,1,1,-
DA:43,0
DA:44,0
DA:46,0
DA:47,0
DA:49,0
FNF:1
FNH:0
LF:25
LH:0
BRF:4
BRH:0
end_of_record
TN:
SF:src/BatchSettler.sol
DA:145,47
FN:145,BatchSettler.constructor
FNDA:47,BatchSettler.constructor
DA:146,47
BRDA:146,0,0,1
DA:147,46
BRDA:147,1,0,1
DA:149,45
DA:150,45
DA:151,45
DA:152,45
DA:165,793
FN:165,BatchSettler.executeBatch
FNDA:793,BatchSettler.executeBatch
DA:170,791
BRDA:170,2,0,1
DA:171,790
BRDA:171,3,0,1
DA:175,789
DA:176,789
DA:179,789
DA:180,793
DA:181,793
BRDA:181,4,0,1
DA:182,792
BRDA:182,5,0,1
DA:183,791
BRDA:183,6,0,1
DA:185,790
BRDA:185,7,0,1
DA:186,1
BRDA:186,8,0,1
DA:187,1
DA:189,0
DA:193,789
DA:199,785
DA:200,789
DA:203,789
BRDA:203,9,0,789
DA:204,789
DA:208,788
DA:214,784
BRDA:214,10,0,-
DA:215,0
BRDA:215,11,0,-
DA:218,0
DA:219,0
DA:220,0
DA:221,0
DA:222,0
BRDA:222,12,0,-
DA:223,0
DA:225,0
DA:229,0
DA:234,0
DA:235,0
DA:236,0
DA:238,0
DA:243,0
DA:253,0
DA:256,784
DA:272,0
FN:272,BatchSettler.unlockCallback
FNDA:0,BatchSettler.unlockCallback
DA:273,0
BRDA:273,13,0,-
DA:275,0
DA:277,0
DA:278,0
DA:279,0
DA:281,0
DA:284,0
DA:288,0
DA:296,789
FN:296,BatchSettler._executeSameTokenSettlement
FNDA:789,BatchSettler._executeSameTokenSettlement
DA:297,789
DA:298,789
DA:300,789
BRDA:300,14,0,259
DA:301,259
DA:302,259
DA:306,789
DA:308,788
BRDA:308,15,0,254
DA:309,254
DA:310,254
DA:313,788
DA:327,0
FN:327,BatchSettler._executeCrossTokenSwap
FNDA:0,BatchSettler._executeCrossTokenSwap
DA:328,0
DA:331,0
DA:334,0
DA:335,0
DA:336,0
DA:339,0
DA:341,0
DA:352,0
DA:353,0
DA:354,0
DA:357,0
DA:359,0
DA:360,0
BRDA:360,16,0,-
BRDA:360,16,1,-
DA:361,0
DA:363,0
DA:367,0
DA:370,0
DA:384,0
FN:384,BatchSettler.registerSettlementPool
FNDA:0,BatchSettler.registerSettlementPool
DA:385,0
DA:386,0
DA:388,0
DA:389,0
DA:390,0
DA:391,0
DA:393,0
DA:402,4
FN:402,BatchSettler.validateBatch
FNDA:4,BatchSettler.validateBatch
DA:407,4
BRDA:407,17,0,-
DA:409,4
DA:410,5
DA:412,5
BRDA:412,18,0,-
DA:413,5
BRDA:413,19,0,-
DA:414,5
BRDA:414,20,0,-
DA:416,5
DA:417,5
BRDA:417,21,0,1
DA:420,4
BRDA:420,22,0,1
DA:421,1
BRDA:421,23,0,1
DA:425,2
DA:430,5
FN:430,BatchSettler.setMaxBatchSize
FNDA:5,BatchSettler.setMaxBatchSize
DA:431,4
BRDA:431,24,0,1
DA:432,3
DA:433,3
DA:434,3
DA:437,267
FN:437,BatchSettler.setFeeConfig
FNDA:267,BatchSettler.setFeeConfig
DA:438,266
BRDA:438,25,0,1
DA:439,265
BRDA:439,26,0,1
DA:440,264
DA:441,264
DA:442,264
DA:445,3
FN:445,BatchSettler.pause
FNDA:3,BatchSettler.pause
DA:446,3
DA:449,1
FN:449,BatchSettler.unpause
FNDA:1,BatchSettler.unpause
DA:450,1
FN:145,BatchSettler.constructor
FNDA:15,BatchSettler.constructor
BRDA:146,0,0,-
BRDA:147,1,0,-
FN:165,BatchSettler.executeBatch
FNDA:9,BatchSettler.executeBatch
BRDA:170,2,0,-
BRDA:171,3,0,-
BRDA:181,4,0,-
BRDA:182,5,0,-
BRDA:183,6,0,-
BRDA:185,7,0,11
BRDA:186,8,0,1
BRDA:203,9,0,1
BRDA:214,10,0,8
BRDA:215,11,0,-
BRDA:222,12,0,10
FN:272,BatchSettler.unlockCallback
FNDA:9,BatchSettler.unlockCallback
BRDA:273,13,0,1
FN:296,BatchSettler._executeSameTokenSettlement
FNDA:1,BatchSettler._executeSameTokenSettlement
BRDA:300,14,0,-
BRDA:308,15,0,-
FN:327,BatchSettler._executeCrossTokenSwap
FNDA:10,BatchSettler._executeCrossTokenSwap
BRDA:360,16,0,-
BRDA:360,16,1,10
FN:384,BatchSettler.registerSettlementPool
FNDA:16,BatchSettler.registerSettlementPool
FN:402,BatchSettler.validateBatch
FNDA:1,BatchSettler.validateBatch
BRDA:407,17,0,-
BRDA:412,18,0,-
BRDA:413,19,0,-
BRDA:414,20,0,-
BRDA:417,21,0,-
BRDA:420,22,0,1
BRDA:421,23,0,-
FN:430,BatchSettler.setMaxBatchSize
FNDA:0,BatchSettler.setMaxBatchSize
BRDA:431,24,0,-
FN:437,BatchSettler.setFeeConfig
FNDA:0,BatchSettler.setFeeConfig
BRDA:438,25,0,-
BRDA:439,26,0,-
FN:445,BatchSettler.pause
FNDA:0,BatchSettler.pause
FN:449,BatchSettler.unpause
FNDA:0,BatchSettler.unpause
FNF:22
FNH:15
LF:234
LH:163
BRF:56
BRH:26
end_of_record
TN:
SF:src/IntentVault.sol
DA:112,1189
FN:112,IntentVault.setIntent
FNDA:1189,IntentVault.setIntent
DA:116,1188
BRDA:116,0,0,1
DA:119,1187
BRDA:119,1,0,821
DA:120,821
BRDA:120,2,0,1
DA:124,1186
BRDA:124,3,0,350
DA:125,350
BRDA:125,4,0,1
DA:128,1185
DA:137,1185
DA:143,11
FN:143,IntentVault.deleteIntent
FNDA:11,IntentVault.deleteIntent
DA:144,11
BRDA:144,5,0,2
DA:146,9
DA:155,1551
FN:155,IntentVault.getIntent
FNDA:1551,IntentVault.getIntent
DA:156,1551
DA:162,807
FN:162,IntentVault.hasIntent
FNDA:807,IntentVault.hasIntent
DA:163,807
DA:169,5
FN:169,IntentVault.pause
FNDA:5,IntentVault.pause
DA:170,4
DA:174,1
FN:174,IntentVault.unpause
FNDA:1,IntentVault.unpause
DA:175,1
FN:112,IntentVault.setIntent
FNDA:42,IntentVault.setIntent
BRDA:116,0,0,-
BRDA:119,1,0,-
BRDA:120,2,0,-
BRDA:124,3,0,42
BRDA:125,4,0,-
FN:143,IntentVault.deleteIntent
FNDA:0,IntentVault.deleteIntent
BRDA:144,5,0,-
FN:155,IntentVault.getIntent
FNDA:0,IntentVault.getIntent
FN:162,IntentVault.hasIntent
FNDA:13,IntentVault.hasIntent
FN:169,IntentVault.pause
FNDA:0,IntentVault.pause
FN:174,IntentVault.unpause
FNDA:0,IntentVault.unpause
FNF:12
FNH:8
LF:38
LH:28
BRF:12
BRH:7
end_of_record
TN:
SF:src/PaymentPool.sol
DA:102,311
FN:102,PaymentPool.setAuthorizedWithdrawer
FNDA:311,PaymentPool.setAuthorizedWithdrawer
DA:103,310
BRDA:103,0,0,-
DA:104,310
DA:110,181
FN:110,PaymentPool.setTokenSupport
FNDA:181,PaymentPool.setTokenSupport
DA:111,180
BRDA:111,1,0,-
DA:112,180
DA:113,180
DA:127,1867
FN:127,PaymentPool.receivePayment
FNDA:1867,PaymentPool.receivePayment
DA:132,1866
BRDA:132,2,0,1
DA:133,1865
BRDA:133,3,0,1
DA:134,1864
BRDA:134,4,0,1
DA:135,1863
BRDA:135,5,0,3
DA:136,2
BRDA:136,6,0,2
DA:138,1858
DA:142,1858
DA:145,1857
DA:147,1857
DA:162,1299
FN:162,PaymentPool.withdraw
FNDA:1299,PaymentPool.withdraw
DA:167,1298
BRDA:167,7,0,2
DA:168,1296
BRDA:168,8,0,1
DA:169,1295
DA:170,1295
BRDA:170,9,0,2
DA:172,1293
DA:174,1293
DA:176,1293
DA:183,8
FN:183,PaymentPool.emergencyWithdraw
FNDA:8,PaymentPool.emergencyWithdraw
DA:184,6
BRDA:184,10,0,1
DA:185,5
DA:186,5
BRDA:186,11,0,1
DA:187,4
DA:188,4
DA:196,1814
FN:196,PaymentPool.getMerchantBalance
FNDA:1814,PaymentPool.getMerchantBalance
DA:197,1814
DA:201,3
FN:201,PaymentPool.isTokenSupported
FNDA:3,PaymentPool.isTokenSupported
DA:202,3
DA:206,2
FN:206,PaymentPool.isPaymentProcessed
FNDA:2,PaymentPool.isPaymentProcessed
DA:207,2
DA:214,11
FN:214,PaymentPool.pause
FNDA:11,PaymentPool.pause
DA:215,10
DA:219,2
FN:219,PaymentPool.unpause
FNDA:2,PaymentPool.unpause
DA:220,1
FN:102,PaymentPool.setAuthorizedWithdrawer
FNDA:15,PaymentPool.setAuthorizedWithdrawer
BRDA:103,0,0,-
FN:110,PaymentPool.setTokenSupport
FNDA:42,PaymentPool.setTokenSupport
BRDA:111,1,0,-
FN:127,PaymentPool.receivePayment
FNDA:13,PaymentPool.receivePayment
BRDA:132,2,0,-
BRDA:133,3,0,-
BRDA:134,4,0,-
BRDA:135,5,0,-
BRDA:136,6,0,-
FN:162,PaymentPool.withdraw
FNDA:11,PaymentPool.withdraw
BRDA:167,7,0,-
BRDA:168,8,0,-
BRDA:170,9,0,-
FN:183,PaymentPool.emergencyWithdraw
FNDA:0,PaymentPool.emergencyWithdraw
BRDA:184,10,0,-
BRDA:186,11,0,-
FN:196,PaymentPool.getMerchantBalance
FNDA:5,PaymentPool.getMerchantBalance
FN:201,PaymentPool.isTokenSupported
FNDA:0,PaymentPool.isTokenSupported
FN:206,PaymentPool.isPaymentProcessed
FNDA:0,PaymentPool.isPaymentProcessed
FN:214,PaymentPool.pause
FNDA:0,PaymentPool.pause
FN:219,PaymentPool.unpause
FNDA:0,PaymentPool.unpause
FNF:20
FNH:15
LF:82
LH:67
BRF:24
BRH:10
end_of_record
TN:
SF:src/PaymentSettlementHook.sol
DA:134,0
FN:134,PaymentSettlementHook.constructor
FNDA:0,PaymentSettlementHook.constructor
DA:139,0
BRDA:139,0,0,-
DA:140,0
BRDA:140,1,0,-
DA:141,0
BRDA:141,2,0,-
DA:143,0
DA:144,0
DA:145,0
DA:146,0
DA:148,0
DA:163,0
FN:163,PaymentSettlementHook.getHookPermissions
FNDA:0,PaymentSettlementHook.getHookPermissions
DA:164,0
DA:199,0
FN:199,PaymentSettlementHook._beforeSwap
FNDA:0,PaymentSettlementHook._beforeSwap
DA:206,0
BRDA:206,3,0,-
DA:207,0
DA:210,0
DA:241,0
FN:241,PaymentSettlementHook._afterSwap
FNDA:0,PaymentSettlementHook._afterSwap
DA:251,0
BRDA:251,4,0,-
DA:252,0
DA:255,0
DA:257,0
BRDA:257,5,0,-
DA:261,0
DA:269,0
DA:270,0
BRDA:270,6,0,-
BRDA:270,6,1,-
DA:271,0
DA:273,0
DA:277,0
DA:278,0
BRDA:278,7,0,-
BRDA:278,7,1,-
DA:279,0
DA:280,0
BRDA:280,8,0,-
DA:281,0
DA:286,0
DA:287,0
BRDA:287,9,0,-
DA:288,0
DA:290,0
BRDA:290,10,0,-
DA:291,0
DA:293,0
DA:294,0
DA:300,0
DA:301,0
DA:302,0
BRDA:302,11,0,-
DA:303,0
DA:305,0
BRDA:305,12,0,-
DA:306,0
DA:311,0
DA:313,0
BRDA:313,13,0,-
DA:314,0
DA:317,0
DA:340,0
FN:340,PaymentSettlementHook.calculateDynamicFee
FNDA:0,PaymentSettlementHook.calculateDynamicFee
DA:342,0
BRDA:342,14,0,-
DA:346,0
DA:349,0
BRDA:349,15,0,-
DA:350,0
DA:353,0
DA:356,0
DA:369,0
FN:369,PaymentSettlementHook.setFeeConfig
FNDA:0,PaymentSettlementHook.setFeeConfig
DA:373,0
BRDA:373,16,0,-
DA:374,0
BRDA:374,17,0,-
DA:375,0
BRDA:375,18,0,-
DA:377,0
DA:378,0
DA:379,0
DA:380,0
DA:382,0
DA:395,0
FN:395,PaymentSettlementHook.setAuthorizedSettler
FNDA:0,PaymentSettlementHook.setAuthorizedSettler
DA:396,0
DA:397,0
DA:410,0
FN:410,PaymentSettlementHook.getExpectedFee
FNDA:0,PaymentSettlementHook.getExpectedFee
DA:411,0
DA:412,0
DA:423,0
FN:423,PaymentSettlementHook.getPoolMetrics
FNDA:0,PaymentSettlementHook.getPoolMetrics
DA:424,0
FN:134,PaymentSettlementHook.constructor
FNDA:54,PaymentSettlementHook.constructor
BRDA:139,0,0,1
BRDA:140,1,0,1
BRDA:141,2,0,1
FN:163,PaymentSettlementHook.getHookPermissions
FNDA:54,PaymentSettlementHook.getHookPermissions
FN:199,PaymentSettlementHook._beforeSwap
FNDA:537,PaymentSettlementHook._beforeSwap
BRDA:206,3,0,1
FN:241,PaymentSettlementHook._afterSwap
FNDA:536,PaymentSettlementHook._afterSwap
BRDA:251,4,0,1
BRDA:257,5,0,1
BRDA:270,6,0,532
BRDA:270,6,1,2
BRDA:278,7,0,-
BRDA:278,7,1,534
BRDA:280,8,0,533
BRDA:287,9,0,532
BRDA:290,10,0,532
BRDA:302,11,0,532
BRDA:305,12,0,533
BRDA:313,13,0,532
FN:340,PaymentSettlementHook.calculateDynamicFee
FNDA:0,PaymentSettlementHook.calculateDynamicFee
BRDA:342,14,0,1
BRDA:349,15,0,4590
FN:369,PaymentSettlementHook.setFeeConfig
FNDA:263,PaymentSettlementHook.setFeeConfig
BRDA:373,16,0,1
BRDA:374,17,0,1
BRDA:375,18,0,1
FN:395,PaymentSettlementHook.setAuthorizedSettler
FNDA:91,PaymentSettlementHook.setAuthorizedSettler
FN:410,PaymentSettlementHook.getExpectedFee
FNDA:5895,PaymentSettlementHook.getExpectedFee
FN:423,PaymentSettlementHook.getPoolMetrics
FNDA:1038,PaymentSettlementHook.getPoolMetrics
FNF:18
FNH:8
LF:142
LH:69
BRF:42
BRH:20
end_of_record
TN:
SF:test/BatchSettler.t.sol
DA:14,90
FN:14,MockERC20.mint
FNDA:90,MockERC20.mint
DA:15,90
FNF:1
FNH:1
LF:2
LH:2
BRF:0
BRH:0
end_of_record
TN:
SF:test/BatchSettlerCrossToken.t.sol
DA:34,56
FN:34,MockERC20.mint
FNDA:56,MockERC20.mint
DA:35,56
FNF:1
FNH:1
LF:2
LH:2
BRF:0
BRH:0
end_of_record
TN:
SF:test/PaymentPool.t.sol
DA:13,89
FN:13,MockERC20.mint.0
FNDA:89,MockERC20.mint.0
DA:14,89
DA:24,0
FN:24,NonStandardERC20.mint.1
FNDA:0,NonStandardERC20.mint.1
DA:25,0
DA:29,0
FN:29,NonStandardERC20.transfer
FNDA:0,NonStandardERC20.transfer
DA:30,0
DA:32,0
DA:36,0
FN:36,NonStandardERC20.transferFrom
FNDA:0,NonStandardERC20.transferFrom
DA:37,0
DA:38,0
DA:41,0
FN:41,NonStandardERC20._transferFrom
FNDA:0,NonStandardERC20._transferFrom
DA:42,0
DA:43,0
BRDA:43,0,0,-
BRDA:43,0,1,-
DA:44,0
DA:45,0
FNF:5
FNH:1
LF:15
LH:2
BRF:2
BRH:0
end_of_record
TN:
SF:test/PaymentSettlementHook.t.sol
DA:33,74
FN:33,MockERC20.mint
FNDA:74,MockERC20.mint
DA:34,74
FNF:1
FNH:1
LF:2
LH:2
BRF:0
BRH:0
end_of_record
TN:
SF:test/utils/HookMiner.sol
DA:20,0
FN:20,HookMiner.find
FNDA:0,HookMiner.find
DA:27,0
DA:29,0
DA:30,0
DA:31,0
DA:32,0
BRDA:32,0,0,-
DA:33,0
DA:36,0
DA:39,0
FN:39,HookMiner.computeAddress
FNDA:0,HookMiner.computeAddress
DA:40,0
FN:20,HookMiner.find
FNDA:54,HookMiner.find
BRDA:32,0,0,54
FN:39,HookMiner.computeAddress
FNDA:1360229,HookMiner.computeAddress
FNF:4
FNH:2
LF:20
LH:9
BRF:2
BRH:1
end_of_record
