TN:
SF:script/Deploy.s.sol
DA:30,0
FN:30,Deploy.run
FNDA:0,Deploy.run
DA:31,0
DA:32,0
DA:34,0
DA:35,0
DA:36,0
DA:38,0
DA:41,0
DA:42,0
DA:43,0
DA:46,0
DA:47,0
DA:48,0
DA:51,0
DA:52,0
DA:53,0
DA:56,0
DA:57,0
DA:58,0
DA:61,0
DA:62,0
DA:63,0
DA:64,0
DA:65,0
DA:67,0
DA:70,0
DA:72,0
BRDA:72,0,0,-
BRDA:72,0,1,-
DA:73,0
BRDA:73,1,0,-
BRDA:73,1,1,-
DA:74,0
BRDA:74,2,0,-
BRDA:74,2,1,-
DA:75,0
BRDA:75,3,0,-
BRDA:75,3,1,-
DA:76,0
BRDA:76,4,0,-
BRDA:76,4,1,-
DA:77,0
BRDA:77,5,0,-
BRDA:77,5,1,-
DA:78,0
BRDA:78,6,0,-
BRDA:78,6,1,-
DA:80,0
DA:83,0
DA:84,0
DA:85,0
DA:86,0
DA:87,0
DA:88,0
DA:89,0
DA:90,0
DA:91,0
DA:92,0
DA:93,0
DA:94,0
DA:95,0
DA:96,0
DA:97,0
DA:98,0
DA:99,0
FNF:1
FNH:0
LF:51
LH:0
BRF:14
BRH:0
end_of_record
TN:
SF:script/DeployMockUSDC.s.sol
DA:8,0
FN:8,MockUSDC.constructor
FNDA:0,MockUSDC.constructor
DA:9,0
DA:12,0
FN:12,MockUSDC.decimals
FNDA:0,MockUSDC.decimals
DA:13,0
DA:17,0
FN:17,MockUSDC.mint
FNDA:0,MockUSDC.mint
DA:18,0
DA:23,0
FN:23,DeployMockUSDC.run
FNDA:0,DeployMockUSDC.run
DA:24,0
DA:26,0
DA:28,0
DA:30,0
DA:31,0
DA:32,0
DA:33,0
DA:34,0
DA:35,0
DA:36,0
DA:37,0
DA:38,0
DA:40,0
FNF:4
FNH:0
LF:20
LH:0
BRF:0
BRH:0
end_of_record
TN:
SF:script/TestPaymentFlow.s.sol
DA:20,0
FN:20,TestPaymentFlow.run
FNDA:0,TestPaymentFlow.run
DA:21,0
DA:22,0
DA:24,0
DA:25,0
DA:26,0
DA:27,0
DA:29,0
DA:33,0
DA:34,0
DA:35,0
DA:36,0
DA:37,0
DA:39,0
BRDA:39,0,0,-
DA:40,0
DA:41,0
DA:42,0
DA:43,0
DA:44,0
DA:49,0
DA:50,0
DA:51,0
DA:52,0
DA:55,0
DA:57,0
BRDA:57,1,0,-
BRDA:57,1,1,-
DA:58,0
DA:59,0
DA:62,0
DA:65,0
DA:71,0
DA:73,0
DA:77,0
DA:78,0
DA:80,0
DA:81,0
DA:82,0
DA:86,0
DA:87,0
DA:88,0
DA:91,0
DA:93,0
DA:100,0
DA:101,0
DA:102,0
DA:106,0
DA:107,0
DA:108,0
DA:109,0
DA:111,0
DA:115,0
DA:116,0
DA:117,0
DA:118,0
DA:119,0
DA:120,0
DA:121,0
DA:122,0
DA:123,0
DA:124,0
DA:125,0
DA:126,0
DA:127,0
DA:128,0
DA:129,0
DA:130,0
DA:131,0
DA:132,0
FNF:1
FNH:0
LF:67
LH:0
BRF:3
BRH:0
end_of_record
TN:
SF:script/TestUSDCTransfer.s.sol
DA:10,0
FN:10,TestUSDCTransfer.run
FNDA:0,TestUSDCTransfer.run
DA:11,0
DA:12,0
DA:14,0
DA:16,0
DA:17,0
DA:18,0
DA:21,0
DA:23,0
DA:25,0
FNF:1
FNH:0
LF:10
LH:0
BRF:0
BRH:0
end_of_record
TN:
SF:script/VerifySettlement.s.sol
DA:13,0
FN:13,VerifySettlement.run
FNDA:0,VerifySettlement.run
DA:14,0
DA:15,0
DA:17,0
DA:18,0
DA:19,0
DA:20,0
DA:21,0
DA:22,0
DA:25,0
DA:26,0
DA:28,0
BRDA:28,0,0,-
BRDA:28,0,1,-
DA:29,0
DA:31,0
DA:33,0
DA:36,0
DA:37,0
DA:38,0
DA:40,0
DA:42,0
BRDA:42,1,0,-
BRDA:42,1,1,-
DA:43,0
DA:44,0
DA:46,0
DA:47,0
DA:49,0
FNF:1
FNH:0
LF:25
LH:0
BRF:4
BRH:0
end_of_record
TN:
SF:src/BatchSettler.sol
DA:115,0
FN:115,BatchSettler.constructor
FNDA:0,BatchSettler.constructor
DA:116,0
BRDA:116,0,0,-
DA:117,0
BRDA:117,1,0,-
DA:119,0
DA:120,0
DA:121,0
DA:145,0
FN:145,BatchSettler.executeBatch
FNDA:0,BatchSettler.executeBatch
DA:150,0
BRDA:150,2,0,-
DA:151,0
BRDA:151,3,0,-
DA:154,0
DA:155,0
DA:156,0
DA:157,0
DA:158,0
DA:160,0
BRDA:160,4,0,-
DA:161,0
BRDA:161,5,0,-
DA:162,0
BRDA:162,6,0,-
DA:164,0
BRDA:164,7,0,-
DA:165,0
DA:166,0
DA:169,0
DA:172,0
BRDA:172,8,0,-
DA:173,0
DA:174,0
DA:177,0
DA:179,0
DA:183,0
DA:199,0
FN:199,BatchSettler.validateBatch
FNDA:0,BatchSettler.validateBatch
DA:204,0
BRDA:204,9,0,-
DA:205,0
DA:208,0
DA:209,0
DA:211,0
BRDA:211,10,0,-
DA:212,0
DA:215,0
BRDA:215,11,0,-
DA:216,0
DA:219,0
BRDA:219,12,0,-
DA:220,0
DA:223,0
DA:224,0
BRDA:224,13,0,-
DA:225,0
DA:229,0
DA:236,0
FN:236,BatchSettler.setMaxBatchSize
FNDA:0,BatchSettler.setMaxBatchSize
DA:237,0
BRDA:237,14,0,-
DA:238,0
DA:239,0
DA:240,0
DA:246,0
FN:246,BatchSettler.setFeeConfig
FNDA:0,BatchSettler.setFeeConfig
DA:247,0
BRDA:247,15,0,-
DA:248,0
BRDA:248,16,0,-
DA:249,0
DA:250,0
DA:251,0
DA:257,0
FN:257,BatchSettler.pause
FNDA:0,BatchSettler.pause
DA:258,0
DA:262,0
FN:262,BatchSettler.unpause
FNDA:0,BatchSettler.unpause
DA:263,0
FNF:7
FNH:0
LF:57
LH:0
BRF:17
BRH:0
end_of_record
TN:
SF:src/IntentVault.sol
DA:112,0
FN:112,IntentVault.setIntent
FNDA:0,IntentVault.setIntent
DA:116,0
BRDA:116,0,0,-
DA:119,0
BRDA:119,1,0,-
DA:120,0
BRDA:120,2,0,-
DA:124,0
BRDA:124,3,0,-
DA:125,0
BRDA:125,4,0,-
DA:128,0
DA:137,0
DA:143,0
FN:143,IntentVault.deleteIntent
FNDA:0,IntentVault.deleteIntent
DA:144,0
BRDA:144,5,0,-
DA:146,0
DA:155,0
FN:155,IntentVault.getIntent
FNDA:0,IntentVault.getIntent
DA:156,0
DA:162,0
FN:162,IntentVault.hasIntent
FNDA:0,IntentVault.hasIntent
DA:163,0
DA:169,0
FN:169,IntentVault.pause
FNDA:0,IntentVault.pause
DA:170,0
DA:174,0
FN:174,IntentVault.unpause
FNDA:0,IntentVault.unpause
DA:175,0
FNF:6
FNH:0
LF:19
LH:0
BRF:6
BRH:0
end_of_record
TN:
SF:src/PaymentPool.sol
DA:102,0
FN:102,PaymentPool.setAuthorizedWithdrawer
FNDA:0,PaymentPool.setAuthorizedWithdrawer
DA:103,0
BRDA:103,0,0,-
DA:104,0
DA:110,0
FN:110,PaymentPool.setTokenSupport
FNDA:0,PaymentPool.setTokenSupport
DA:111,0
BRDA:111,1,0,-
DA:112,0
DA:113,0
DA:127,0
FN:127,PaymentPool.receivePayment
FNDA:0,PaymentPool.receivePayment
DA:132,0
BRDA:132,2,0,-
DA:133,0
BRDA:133,3,0,-
DA:134,0
BRDA:134,4,0,-
DA:135,0
BRDA:135,5,0,-
DA:136,0
BRDA:136,6,0,-
DA:138,0
DA:142,0
DA:145,0
DA:147,0
DA:162,0
FN:162,PaymentPool.withdraw
FNDA:0,PaymentPool.withdraw
DA:167,0
BRDA:167,7,0,-
DA:168,0
BRDA:168,8,0,-
DA:169,0
DA:170,0
BRDA:170,9,0,-
DA:172,0
DA:174,0
DA:176,0
DA:183,0
FN:183,PaymentPool.emergencyWithdraw
FNDA:0,PaymentPool.emergencyWithdraw
DA:184,0
BRDA:184,10,0,-
DA:185,0
DA:186,0
BRDA:186,11,0,-
DA:187,0
DA:188,0
DA:196,0
FN:196,PaymentPool.getMerchantBalance
FNDA:0,PaymentPool.getMerchantBalance
DA:197,0
DA:201,0
FN:201,PaymentPool.isTokenSupported
FNDA:0,PaymentPool.isTokenSupported
DA:202,0
DA:206,0
FN:206,PaymentPool.isPaymentProcessed
FNDA:0,PaymentPool.isPaymentProcessed
DA:207,0
DA:214,0
FN:214,PaymentPool.pause
FNDA:0,PaymentPool.pause
DA:215,0
DA:219,0
FN:219,PaymentPool.unpause
FNDA:0,PaymentPool.unpause
DA:220,0
FNF:10
FNH:0
LF:41
LH:0
BRF:12
BRH:0
end_of_record
TN:
SF:src/PaymentSettlementHook.sol
DA:134,40
FN:134,PaymentSettlementHook.constructor
FNDA:40,PaymentSettlementHook.constructor
DA:139,40
BRDA:139,0,0,1
DA:140,39
BRDA:140,1,0,1
DA:141,38
BRDA:141,2,0,1
DA:143,37
DA:144,37
DA:145,37
DA:146,37
DA:148,37
DA:163,40
FN:163,PaymentSettlementHook.getHookPermissions
FNDA:40,PaymentSettlementHook.getHookPermissions
DA:164,40
DA:199,527
FN:199,PaymentSettlementHook._beforeSwap
FNDA:527,PaymentSettlementHook._beforeSwap
DA:206,527
BRDA:206,3,0,1
DA:207,1
DA:210,526
DA:241,526
FN:241,PaymentSettlementHook._afterSwap
FNDA:526,PaymentSettlementHook._afterSwap
DA:251,526
BRDA:251,4,0,1
DA:252,1
DA:255,525
DA:257,525
BRDA:257,5,0,1
DA:261,524
DA:269,524
DA:270,523
BRDA:270,6,0,523
BRDA:270,6,1,1
DA:271,523
DA:273,1
DA:277,524
DA:278,524
BRDA:278,7,0,-
BRDA:278,7,1,524
DA:279,0
DA:280,524
BRDA:280,8,0,523
DA:281,523
DA:286,524
DA:287,524
BRDA:287,9,0,522
DA:288,522
DA:290,522
BRDA:290,10,0,522
DA:291,522
DA:293,522
DA:294,522
DA:300,524
DA:301,524
DA:302,524
BRDA:302,11,0,522
DA:303,522
DA:305,524
BRDA:305,12,0,523
DA:306,523
DA:311,524
DA:313,524
BRDA:313,13,0,522
DA:314,522
DA:317,524
DA:340,0
FN:340,PaymentSettlementHook.calculateDynamicFee
FNDA:0,PaymentSettlementHook.calculateDynamicFee
DA:342,6419
BRDA:342,14,0,1
DA:346,6418
DA:349,6417
BRDA:349,15,0,4673
DA:350,4673
DA:353,1744
DA:356,1744
DA:369,263
FN:369,PaymentSettlementHook.setFeeConfig
FNDA:263,PaymentSettlementHook.setFeeConfig
DA:373,262
BRDA:373,16,0,1
DA:374,261
BRDA:374,17,0,1
DA:375,260
BRDA:375,18,0,1
DA:377,259
DA:378,259
DA:379,259
DA:380,259
DA:382,259
DA:395,77
FN:395,PaymentSettlementHook.setAuthorizedSettler
FNDA:77,PaymentSettlementHook.setAuthorizedSettler
DA:396,76
DA:397,76
DA:410,5895
FN:410,PaymentSettlementHook.getExpectedFee
FNDA:5895,PaymentSettlementHook.getExpectedFee
DA:411,5895
DA:412,5894
DA:423,1037
FN:423,PaymentSettlementHook.getPoolMetrics
FNDA:1037,PaymentSettlementHook.getPoolMetrics
DA:424,1037
FN:134,PaymentSettlementHook.constructor
FNDA:0,PaymentSettlementHook.constructor
BRDA:139,0,0,-
BRDA:140,1,0,-
BRDA:141,2,0,-
FN:163,PaymentSettlementHook.getHookPermissions
FNDA:0,PaymentSettlementHook.getHookPermissions
FN:199,PaymentSettlementHook._beforeSwap
FNDA:0,PaymentSettlementHook._beforeSwap
BRDA:206,3,0,-
FN:241,PaymentSettlementHook._afterSwap
FNDA:0,PaymentSettlementHook._afterSwap
BRDA:251,4,0,-
BRDA:257,5,0,-
BRDA:270,6,0,-
BRDA:270,6,1,-
BRDA:278,7,0,-
BRDA:278,7,1,-
BRDA:280,8,0,-
BRDA:287,9,0,-
BRDA:290,10,0,-
BRDA:302,11,0,-
BRDA:305,12,0,-
BRDA:313,13,0,-
FN:340,PaymentSettlementHook.calculateDynamicFee
FNDA:0,PaymentSettlementHook.calculateDynamicFee
BRDA:342,14,0,-
BRDA:349,15,0,-
FN:369,PaymentSettlementHook.setFeeConfig
FNDA:0,PaymentSettlementHook.setFeeConfig
BRDA:373,16,0,-
BRDA:374,17,0,-
BRDA:375,18,0,-
FN:395,PaymentSettlementHook.setAuthorizedSettler
FNDA:0,PaymentSettlementHook.setAuthorizedSettler
FN:410,PaymentSettlementHook.getExpectedFee
FNDA:0,PaymentSettlementHook.getExpectedFee
FN:423,PaymentSettlementHook.getPoolMetrics
FNDA:0,PaymentSettlementHook.getPoolMetrics
FNF:18
FNH:8
LF:142
LH:69
BRF:42
BRH:20
end_of_record
TN:
SF:test/BatchSettler.t.sol
DA:14,0
FN:14,MockERC20.mint
FNDA:0,MockERC20.mint
DA:15,0
FNF:1
FNH:0
LF:2
LH:0
BRF:0
BRH:0
end_of_record
TN:
SF:test/PaymentPool.t.sol
DA:13,0
FN:13,MockERC20.mint.0
FNDA:0,MockERC20.mint.0
DA:14,0
DA:24,0
FN:24,NonStandardERC20.mint.1
FNDA:0,NonStandardERC20.mint.1
DA:25,0
DA:29,0
FN:29,NonStandardERC20.transfer
FNDA:0,NonStandardERC20.transfer
DA:30,0
DA:32,0
DA:36,0
FN:36,NonStandardERC20.transferFrom
FNDA:0,NonStandardERC20.transferFrom
DA:37,0
DA:38,0
DA:41,0
FN:41,NonStandardERC20._transferFrom
FNDA:0,NonStandardERC20._transferFrom
DA:42,0
DA:43,0
BRDA:43,0,0,-
BRDA:43,0,1,-
DA:44,0
DA:45,0
FNF:5
FNH:0
LF:15
LH:0
BRF:2
BRH:0
end_of_record
TN:
SF:test/PaymentSettlementHook.t.sol
DA:33,74
FN:33,MockERC20.mint
FNDA:74,MockERC20.mint
DA:34,74
FNF:1
FNH:1
LF:2
LH:2
BRF:0
BRH:0
end_of_record
TN:
SF:test/utils/HookMiner.sol
DA:20,40
FN:20,HookMiner.find
FNDA:40,HookMiner.find
DA:27,40
DA:29,40
DA:30,1351801
DA:31,1351801
DA:32,1351801
BRDA:32,0,0,40
DA:33,40
DA:36,0
DA:39,1351801
FN:39,HookMiner.computeAddress
FNDA:1351801,HookMiner.computeAddress
DA:40,1351801
FN:20,HookMiner.find
FNDA:0,HookMiner.find
BRDA:32,0,0,-
FN:39,HookMiner.computeAddress
FNDA:0,HookMiner.computeAddress
FNF:4
FNH:2
LF:20
LH:9
BRF:2
BRH:1
end_of_record
